<?xml version="1.0" encoding="UTF-8"?>
<!-- Generated by org.testng.reporters.JUnitReportReporter -->
<testsuite hostname="LTIN195419" failures="0" tests="6" name="TestCases.TC1webdevcourses" time="84.368" errors="0" timestamp="2024-02-29T11:27:52 IST" skipped="0">
  <testcase classname="TestCases.TC1webdevcourses" name="homepage" time="11.079"/>
  <testcase classname="TestCases.TC1webdevcourses" name="homepage" time="24.034"/>
  <testcase classname="TestCases.TC1webdevcourses" name="filter" time="4.065"/>
  <testcase classname="TestCases.TC1webdevcourses" name="filter" time="6.660"/>
  <testcase classname="TestCases.TC1webdevcourses" name="courses" time="18.223"/>
  <testcase classname="TestCases.TC1webdevcourses" name="courses" time="20.307"/>
</testsuite> <!-- TestCases.TC1webdevcourses -->
